The system is: Linux - 4.9.0-11-amd64 - x86_64
Compiling the C compiler identification source file "CMakeCCompilerId.c" succeeded.
Compiler: /usr/bin/cc 
Build flags: 
Id flags: 

The output was:
0


Compilation of the C compiler identification source "CMakeCCompilerId.c" produced "a.out"

The C compiler identification is GNU, found in "/home/phli/klee/build/CMakeFiles/3.7.2/CompilerIdC/a.out"

Compiling the C compiler identification source file "CMakeCCompilerId.c" succeeded.
Compiler: /usr/bin/cc 
Build flags: 
Id flags: 

The output was:
0


Compilation of the C compiler identification source "CMakeCCompilerId.c" produced "a.out"

The C compiler identification is GNU, found in "/home/phli/klee/build/CMakeFiles/3.7.2/CompilerIdC/a.out"

Compiling the CXX compiler identification source file "CMakeCXXCompilerId.cpp" succeeded.
Compiler: /usr/bin/c++ 
Build flags: -fno-rtti
Id flags: 

The output was:
0


Compilation of the CXX compiler identification source "CMakeCXXCompilerId.cpp" produced "a.out"

The CXX compiler identification is GNU, found in "/home/phli/klee/build/CMakeFiles/3.7.2/CompilerIdCXX/a.out"

Compiling the C compiler identification source file "CMakeCCompilerId.c" succeeded.
Compiler: /usr/bin/cc 
Build flags: 
Id flags: 

The output was:
0


Compilation of the C compiler identification source "CMakeCCompilerId.c" produced "a.out"

The C compiler identification is GNU, found in "/home/phli/klee/build/CMakeFiles/3.7.2/CompilerIdC/a.out"

Determining if the CXX compiler works passed with the following output:
Change Dir: /home/phli/klee/build/CMakeFiles/CMakeTmp

Run Build Command:"/usr/bin/make" "cmTC_fa92c/fast"
/usr/bin/make -f CMakeFiles/cmTC_fa92c.dir/build.make CMakeFiles/cmTC_fa92c.dir/build
make[1]: Entering directory '/home/phli/klee/build/CMakeFiles/CMakeTmp'
Building CXX object CMakeFiles/cmTC_fa92c.dir/testCXXCompiler.cxx.o
/usr/bin/c++     -fno-rtti    -o CMakeFiles/cmTC_fa92c.dir/testCXXCompiler.cxx.o -c /home/phli/klee/build/CMakeFiles/CMakeTmp/testCXXCompiler.cxx
Linking CXX executable cmTC_fa92c
/usr/bin/cmake -E cmake_link_script CMakeFiles/cmTC_fa92c.dir/link.txt --verbose=1
/usr/bin/c++   -fno-rtti     CMakeFiles/cmTC_fa92c.dir/testCXXCompiler.cxx.o  -o cmTC_fa92c -rdynamic 
make[1]: Leaving directory '/home/phli/klee/build/CMakeFiles/CMakeTmp'


Detecting CXX compiler ABI info compiled with the following output:
Change Dir: /home/phli/klee/build/CMakeFiles/CMakeTmp

Run Build Command:"/usr/bin/make" "cmTC_edc33/fast"
/usr/bin/make -f CMakeFiles/cmTC_edc33.dir/build.make CMakeFiles/cmTC_edc33.dir/build
make[1]: Entering directory '/home/phli/klee/build/CMakeFiles/CMakeTmp'
Building CXX object CMakeFiles/cmTC_edc33.dir/CMakeCXXCompilerABI.cpp.o
/usr/bin/c++     -fno-rtti    -o CMakeFiles/cmTC_edc33.dir/CMakeCXXCompilerABI.cpp.o -c /usr/share/cmake-3.7/Modules/CMakeCXXCompilerABI.cpp
Linking CXX executable cmTC_edc33
/usr/bin/cmake -E cmake_link_script CMakeFiles/cmTC_edc33.dir/link.txt --verbose=1
/usr/bin/c++   -fno-rtti    -v CMakeFiles/cmTC_edc33.dir/CMakeCXXCompilerABI.cpp.o  -o cmTC_edc33 -rdynamic  
Using built-in specs.
COLLECT_GCC=/usr/bin/c++
COLLECT_LTO_WRAPPER=/usr/lib/gcc/x86_64-linux-gnu/6/lto-wrapper
Target: x86_64-linux-gnu
Configured with: ../src/configure -v --with-pkgversion='Debian 6.3.0-18+deb9u1' --with-bugurl=file:///usr/share/doc/gcc-6/README.Bugs --enable-languages=c,ada,c++,java,go,d,fortran,objc,obj-c++ --prefix=/usr --program-suffix=-6 --program-prefix=x86_64-linux-gnu- --enable-shared --enable-linker-build-id --libexecdir=/usr/lib --without-included-gettext --enable-threads=posix --libdir=/usr/lib --enable-nls --with-sysroot=/ --enable-clocale=gnu --enable-libstdcxx-debug --enable-libstdcxx-time=yes --with-default-libstdcxx-abi=new --enable-gnu-unique-object --disable-vtable-verify --enable-libmpx --enable-plugin --enable-default-pie --with-system-zlib --disable-browser-plugin --enable-java-awt=gtk --enable-gtk-cairo --with-java-home=/usr/lib/jvm/java-1.5.0-gcj-6-amd64/jre --enable-java-home --with-jvm-root-dir=/usr/lib/jvm/java-1.5.0-gcj-6-amd64 --with-jvm-jar-dir=/usr/lib/jvm-exports/java-1.5.0-gcj-6-amd64 --with-arch-directory=amd64 --with-ecj-jar=/usr/share/java/eclipse-ecj.jar --with-target-system-zlib --enable-objc-gc=auto --enable-multiarch --with-arch-32=i686 --with-abi=m64 --with-multilib-list=m32,m64,mx32 --enable-multilib --with-tune=generic --enable-checking=release --build=x86_64-linux-gnu --host=x86_64-linux-gnu --target=x86_64-linux-gnu
Thread model: posix
gcc version 6.3.0 20170516 (Debian 6.3.0-18+deb9u1) 
COMPILER_PATH=/usr/lib/gcc/x86_64-linux-gnu/6/:/usr/lib/gcc/x86_64-linux-gnu/6/:/usr/lib/gcc/x86_64-linux-gnu/:/usr/lib/gcc/x86_64-linux-gnu/6/:/usr/lib/gcc/x86_64-linux-gnu/
LIBRARY_PATH=/usr/lib/gcc/x86_64-linux-gnu/6/:/usr/lib/gcc/x86_64-linux-gnu/6/../../../x86_64-linux-gnu/:/usr/lib/gcc/x86_64-linux-gnu/6/../../../../lib/:/lib/x86_64-linux-gnu/:/lib/../lib/:/usr/lib/x86_64-linux-gnu/:/usr/lib/../lib/:/usr/lib/gcc/x86_64-linux-gnu/6/../../../:/lib/:/usr/lib/
COLLECT_GCC_OPTIONS='-fno-rtti' '-v' '-o' 'cmTC_edc33' '-rdynamic' '-shared-libgcc' '-mtune=generic' '-march=x86-64'
 /usr/lib/gcc/x86_64-linux-gnu/6/collect2 -plugin /usr/lib/gcc/x86_64-linux-gnu/6/liblto_plugin.so -plugin-opt=/usr/lib/gcc/x86_64-linux-gnu/6/lto-wrapper -plugin-opt=-fresolution=/tmp/phli/ccBF1BQ6.res -plugin-opt=-pass-through=-lgcc_s -plugin-opt=-pass-through=-lgcc -plugin-opt=-pass-through=-lc -plugin-opt=-pass-through=-lgcc_s -plugin-opt=-pass-through=-lgcc --sysroot=/ --build-id --eh-frame-hdr -m elf_x86_64 --hash-style=gnu -export-dynamic -dynamic-linker /lib64/ld-linux-x86-64.so.2 -pie -o cmTC_edc33 /usr/lib/gcc/x86_64-linux-gnu/6/../../../x86_64-linux-gnu/Scrt1.o /usr/lib/gcc/x86_64-linux-gnu/6/../../../x86_64-linux-gnu/crti.o /usr/lib/gcc/x86_64-linux-gnu/6/crtbeginS.o -L/usr/lib/gcc/x86_64-linux-gnu/6 -L/usr/lib/gcc/x86_64-linux-gnu/6/../../../x86_64-linux-gnu -L/usr/lib/gcc/x86_64-linux-gnu/6/../../../../lib -L/lib/x86_64-linux-gnu -L/lib/../lib -L/usr/lib/x86_64-linux-gnu -L/usr/lib/../lib -L/usr/lib/gcc/x86_64-linux-gnu/6/../../.. CMakeFiles/cmTC_edc33.dir/CMakeCXXCompilerABI.cpp.o -lstdc++ -lm -lgcc_s -lgcc -lc -lgcc_s -lgcc /usr/lib/gcc/x86_64-linux-gnu/6/crtendS.o /usr/lib/gcc/x86_64-linux-gnu/6/../../../x86_64-linux-gnu/crtn.o
COLLECT_GCC_OPTIONS='-fno-rtti' '-v' '-o' 'cmTC_edc33' '-rdynamic' '-shared-libgcc' '-mtune=generic' '-march=x86-64'
make[1]: Leaving directory '/home/phli/klee/build/CMakeFiles/CMakeTmp'


Parsed CXX implicit link information from above output:
  link line regex: [^( *|.*[/\])(ld|([^/\]+-)?ld|collect2)[^/\]*( |$)]
  ignore line: [Change Dir: /home/phli/klee/build/CMakeFiles/CMakeTmp]
  ignore line: []
  ignore line: [Run Build Command:"/usr/bin/make" "cmTC_edc33/fast"]
  ignore line: [/usr/bin/make -f CMakeFiles/cmTC_edc33.dir/build.make CMakeFiles/cmTC_edc33.dir/build]
  ignore line: [make[1]: Entering directory '/home/phli/klee/build/CMakeFiles/CMakeTmp']
  ignore line: [Building CXX object CMakeFiles/cmTC_edc33.dir/CMakeCXXCompilerABI.cpp.o]
  ignore line: [/usr/bin/c++     -fno-rtti    -o CMakeFiles/cmTC_edc33.dir/CMakeCXXCompilerABI.cpp.o -c /usr/share/cmake-3.7/Modules/CMakeCXXCompilerABI.cpp]
  ignore line: [Linking CXX executable cmTC_edc33]
  ignore line: [/usr/bin/cmake -E cmake_link_script CMakeFiles/cmTC_edc33.dir/link.txt --verbose=1]
  ignore line: [/usr/bin/c++   -fno-rtti    -v CMakeFiles/cmTC_edc33.dir/CMakeCXXCompilerABI.cpp.o  -o cmTC_edc33 -rdynamic  ]
  ignore line: [Using built-in specs.]
  ignore line: [COLLECT_GCC=/usr/bin/c++]
  ignore line: [COLLECT_LTO_WRAPPER=/usr/lib/gcc/x86_64-linux-gnu/6/lto-wrapper]
  ignore line: [Target: x86_64-linux-gnu]
  ignore line: [Configured with: ../src/configure -v --with-pkgversion='Debian 6.3.0-18+deb9u1' --with-bugurl=file:///usr/share/doc/gcc-6/README.Bugs --enable-languages=c,ada,c++,java,go,d,fortran,objc,obj-c++ --prefix=/usr --program-suffix=-6 --program-prefix=x86_64-linux-gnu- --enable-shared --enable-linker-build-id --libexecdir=/usr/lib --without-included-gettext --enable-threads=posix --libdir=/usr/lib --enable-nls --with-sysroot=/ --enable-clocale=gnu --enable-libstdcxx-debug --enable-libstdcxx-time=yes --with-default-libstdcxx-abi=new --enable-gnu-unique-object --disable-vtable-verify --enable-libmpx --enable-plugin --enable-default-pie --with-system-zlib --disable-browser-plugin --enable-java-awt=gtk --enable-gtk-cairo --with-java-home=/usr/lib/jvm/java-1.5.0-gcj-6-amd64/jre --enable-java-home --with-jvm-root-dir=/usr/lib/jvm/java-1.5.0-gcj-6-amd64 --with-jvm-jar-dir=/usr/lib/jvm-exports/java-1.5.0-gcj-6-amd64 --with-arch-directory=amd64 --with-ecj-jar=/usr/share/java/eclipse-ecj.jar --with-target-system-zlib --enable-objc-gc=auto --enable-multiarch --with-arch-32=i686 --with-abi=m64 --with-multilib-list=m32,m64,mx32 --enable-multilib --with-tune=generic --enable-checking=release --build=x86_64-linux-gnu --host=x86_64-linux-gnu --target=x86_64-linux-gnu]
  ignore line: [Thread model: posix]
  ignore line: [gcc version 6.3.0 20170516 (Debian 6.3.0-18+deb9u1) ]
  ignore line: [COMPILER_PATH=/usr/lib/gcc/x86_64-linux-gnu/6/:/usr/lib/gcc/x86_64-linux-gnu/6/:/usr/lib/gcc/x86_64-linux-gnu/:/usr/lib/gcc/x86_64-linux-gnu/6/:/usr/lib/gcc/x86_64-linux-gnu/]
  ignore line: [LIBRARY_PATH=/usr/lib/gcc/x86_64-linux-gnu/6/:/usr/lib/gcc/x86_64-linux-gnu/6/../../../x86_64-linux-gnu/:/usr/lib/gcc/x86_64-linux-gnu/6/../../../../lib/:/lib/x86_64-linux-gnu/:/lib/../lib/:/usr/lib/x86_64-linux-gnu/:/usr/lib/../lib/:/usr/lib/gcc/x86_64-linux-gnu/6/../../../:/lib/:/usr/lib/]
  ignore line: [COLLECT_GCC_OPTIONS='-fno-rtti' '-v' '-o' 'cmTC_edc33' '-rdynamic' '-shared-libgcc' '-mtune=generic' '-march=x86-64']
  link line: [ /usr/lib/gcc/x86_64-linux-gnu/6/collect2 -plugin /usr/lib/gcc/x86_64-linux-gnu/6/liblto_plugin.so -plugin-opt=/usr/lib/gcc/x86_64-linux-gnu/6/lto-wrapper -plugin-opt=-fresolution=/tmp/phli/ccBF1BQ6.res -plugin-opt=-pass-through=-lgcc_s -plugin-opt=-pass-through=-lgcc -plugin-opt=-pass-through=-lc -plugin-opt=-pass-through=-lgcc_s -plugin-opt=-pass-through=-lgcc --sysroot=/ --build-id --eh-frame-hdr -m elf_x86_64 --hash-style=gnu -export-dynamic -dynamic-linker /lib64/ld-linux-x86-64.so.2 -pie -o cmTC_edc33 /usr/lib/gcc/x86_64-linux-gnu/6/../../../x86_64-linux-gnu/Scrt1.o /usr/lib/gcc/x86_64-linux-gnu/6/../../../x86_64-linux-gnu/crti.o /usr/lib/gcc/x86_64-linux-gnu/6/crtbeginS.o -L/usr/lib/gcc/x86_64-linux-gnu/6 -L/usr/lib/gcc/x86_64-linux-gnu/6/../../../x86_64-linux-gnu -L/usr/lib/gcc/x86_64-linux-gnu/6/../../../../lib -L/lib/x86_64-linux-gnu -L/lib/../lib -L/usr/lib/x86_64-linux-gnu -L/usr/lib/../lib -L/usr/lib/gcc/x86_64-linux-gnu/6/../../.. CMakeFiles/cmTC_edc33.dir/CMakeCXXCompilerABI.cpp.o -lstdc++ -lm -lgcc_s -lgcc -lc -lgcc_s -lgcc /usr/lib/gcc/x86_64-linux-gnu/6/crtendS.o /usr/lib/gcc/x86_64-linux-gnu/6/../../../x86_64-linux-gnu/crtn.o]
    arg [/usr/lib/gcc/x86_64-linux-gnu/6/collect2] ==> ignore
    arg [-plugin] ==> ignore
    arg [/usr/lib/gcc/x86_64-linux-gnu/6/liblto_plugin.so] ==> ignore
    arg [-plugin-opt=/usr/lib/gcc/x86_64-linux-gnu/6/lto-wrapper] ==> ignore
    arg [-plugin-opt=-fresolution=/tmp/phli/ccBF1BQ6.res] ==> ignore
    arg [-plugin-opt=-pass-through=-lgcc_s] ==> ignore
    arg [-plugin-opt=-pass-through=-lgcc] ==> ignore
    arg [-plugin-opt=-pass-through=-lc] ==> ignore
    arg [-plugin-opt=-pass-through=-lgcc_s] ==> ignore
    arg [-plugin-opt=-pass-through=-lgcc] ==> ignore
    arg [--sysroot=/] ==> ignore
    arg [--build-id] ==> ignore
    arg [--eh-frame-hdr] ==> ignore
    arg [-m] ==> ignore
    arg [elf_x86_64] ==> ignore
    arg [--hash-style=gnu] ==> ignore
    arg [-export-dynamic] ==> ignore
    arg [-dynamic-linker] ==> ignore
    arg [/lib64/ld-linux-x86-64.so.2] ==> ignore
    arg [-pie] ==> ignore
    arg [-o] ==> ignore
    arg [cmTC_edc33] ==> ignore
    arg [/usr/lib/gcc/x86_64-linux-gnu/6/../../../x86_64-linux-gnu/Scrt1.o] ==> ignore
    arg [/usr/lib/gcc/x86_64-linux-gnu/6/../../../x86_64-linux-gnu/crti.o] ==> ignore
    arg [/usr/lib/gcc/x86_64-linux-gnu/6/crtbeginS.o] ==> ignore
    arg [-L/usr/lib/gcc/x86_64-linux-gnu/6] ==> dir [/usr/lib/gcc/x86_64-linux-gnu/6]
    arg [-L/usr/lib/gcc/x86_64-linux-gnu/6/../../../x86_64-linux-gnu] ==> dir [/usr/lib/gcc/x86_64-linux-gnu/6/../../../x86_64-linux-gnu]
    arg [-L/usr/lib/gcc/x86_64-linux-gnu/6/../../../../lib] ==> dir [/usr/lib/gcc/x86_64-linux-gnu/6/../../../../lib]
    arg [-L/lib/x86_64-linux-gnu] ==> dir [/lib/x86_64-linux-gnu]
    arg [-L/lib/../lib] ==> dir [/lib/../lib]
    arg [-L/usr/lib/x86_64-linux-gnu] ==> dir [/usr/lib/x86_64-linux-gnu]
    arg [-L/usr/lib/../lib] ==> dir [/usr/lib/../lib]
    arg [-L/usr/lib/gcc/x86_64-linux-gnu/6/../../..] ==> dir [/usr/lib/gcc/x86_64-linux-gnu/6/../../..]
    arg [CMakeFiles/cmTC_edc33.dir/CMakeCXXCompilerABI.cpp.o] ==> ignore
    arg [-lstdc++] ==> lib [stdc++]
    arg [-lm] ==> lib [m]
    arg [-lgcc_s] ==> lib [gcc_s]
    arg [-lgcc] ==> lib [gcc]
    arg [-lc] ==> lib [c]
    arg [-lgcc_s] ==> lib [gcc_s]
    arg [-lgcc] ==> lib [gcc]
    arg [/usr/lib/gcc/x86_64-linux-gnu/6/crtendS.o] ==> ignore
    arg [/usr/lib/gcc/x86_64-linux-gnu/6/../../../x86_64-linux-gnu/crtn.o] ==> ignore
  remove lib [gcc_s]
  remove lib [gcc]
  remove lib [gcc_s]
  remove lib [gcc]
  collapse library dir [/usr/lib/gcc/x86_64-linux-gnu/6] ==> [/usr/lib/gcc/x86_64-linux-gnu/6]
  collapse library dir [/usr/lib/gcc/x86_64-linux-gnu/6/../../../x86_64-linux-gnu] ==> [/usr/lib/x86_64-linux-gnu]
  collapse library dir [/usr/lib/gcc/x86_64-linux-gnu/6/../../../../lib] ==> [/usr/lib]
  collapse library dir [/lib/x86_64-linux-gnu] ==> [/lib/x86_64-linux-gnu]
  collapse library dir [/lib/../lib] ==> [/lib]
  collapse library dir [/usr/lib/x86_64-linux-gnu] ==> [/usr/lib/x86_64-linux-gnu]
  collapse library dir [/usr/lib/../lib] ==> [/usr/lib]
  collapse library dir [/usr/lib/gcc/x86_64-linux-gnu/6/../../..] ==> [/usr/lib]
  implicit libs: [stdc++;m;c]
  implicit dirs: [/usr/lib/gcc/x86_64-linux-gnu/6;/usr/lib/x86_64-linux-gnu;/usr/lib;/lib/x86_64-linux-gnu;/lib]
  implicit fwks: []




Detecting CXX [-std=c++14] compiler features compiled with the following output:
Change Dir: /home/phli/klee/build/CMakeFiles/CMakeTmp

Run Build Command:"/usr/bin/make" "cmTC_76cdc/fast"
/usr/bin/make -f CMakeFiles/cmTC_76cdc.dir/build.make CMakeFiles/cmTC_76cdc.dir/build
make[1]: Entering directory '/home/phli/klee/build/CMakeFiles/CMakeTmp'
Building CXX object CMakeFiles/cmTC_76cdc.dir/feature_tests.cxx.o
/usr/bin/c++     -fno-rtti    -std=c++14 -o CMakeFiles/cmTC_76cdc.dir/feature_tests.cxx.o -c /home/phli/klee/build/CMakeFiles/feature_tests.cxx
Linking CXX executable cmTC_76cdc
/usr/bin/cmake -E cmake_link_script CMakeFiles/cmTC_76cdc.dir/link.txt --verbose=1
/usr/bin/c++   -fno-rtti     CMakeFiles/cmTC_76cdc.dir/feature_tests.cxx.o  -o cmTC_76cdc -rdynamic 
make[1]: Leaving directory '/home/phli/klee/build/CMakeFiles/CMakeTmp'


    Feature record: CXX_FEATURE:1cxx_aggregate_default_initializers
    Feature record: CXX_FEATURE:1cxx_alias_templates
    Feature record: CXX_FEATURE:1cxx_alignas
    Feature record: CXX_FEATURE:1cxx_alignof
    Feature record: CXX_FEATURE:1cxx_attributes
    Feature record: CXX_FEATURE:1cxx_attribute_deprecated
    Feature record: CXX_FEATURE:1cxx_auto_type
    Feature record: CXX_FEATURE:1cxx_binary_literals
    Feature record: CXX_FEATURE:1cxx_constexpr
    Feature record: CXX_FEATURE:1cxx_contextual_conversions
    Feature record: CXX_FEATURE:1cxx_decltype
    Feature record: CXX_FEATURE:1cxx_decltype_auto
    Feature record: CXX_FEATURE:1cxx_decltype_incomplete_return_types
    Feature record: CXX_FEATURE:1cxx_default_function_template_args
    Feature record: CXX_FEATURE:1cxx_defaulted_functions
    Feature record: CXX_FEATURE:1cxx_defaulted_move_initializers
    Feature record: CXX_FEATURE:1cxx_delegating_constructors
    Feature record: CXX_FEATURE:1cxx_deleted_functions
    Feature record: CXX_FEATURE:1cxx_digit_separators
    Feature record: CXX_FEATURE:1cxx_enum_forward_declarations
    Feature record: CXX_FEATURE:1cxx_explicit_conversions
    Feature record: CXX_FEATURE:1cxx_extended_friend_declarations
    Feature record: CXX_FEATURE:1cxx_extern_templates
    Feature record: CXX_FEATURE:1cxx_final
    Feature record: CXX_FEATURE:1cxx_func_identifier
    Feature record: CXX_FEATURE:1cxx_generalized_initializers
    Feature record: CXX_FEATURE:1cxx_generic_lambdas
    Feature record: CXX_FEATURE:1cxx_inheriting_constructors
    Feature record: CXX_FEATURE:1cxx_inline_namespaces
    Feature record: CXX_FEATURE:1cxx_lambdas
    Feature record: CXX_FEATURE:1cxx_lambda_init_captures
    Feature record: CXX_FEATURE:1cxx_local_type_template_args
    Feature record: CXX_FEATURE:1cxx_long_long_type
    Feature record: CXX_FEATURE:1cxx_noexcept
    Feature record: CXX_FEATURE:1cxx_nonstatic_member_init
    Feature record: CXX_FEATURE:1cxx_nullptr
    Feature record: CXX_FEATURE:1cxx_override
    Feature record: CXX_FEATURE:1cxx_range_for
    Feature record: CXX_FEATURE:1cxx_raw_string_literals
    Feature record: CXX_FEATURE:1cxx_reference_qualified_functions
    Feature record: CXX_FEATURE:1cxx_relaxed_constexpr
    Feature record: CXX_FEATURE:1cxx_return_type_deduction
    Feature record: CXX_FEATURE:1cxx_right_angle_brackets
    Feature record: CXX_FEATURE:1cxx_rvalue_references
    Feature record: CXX_FEATURE:1cxx_sizeof_member
    Feature record: CXX_FEATURE:1cxx_static_assert
    Feature record: CXX_FEATURE:1cxx_strong_enums
    Feature record: CXX_FEATURE:1cxx_template_template_parameters
    Feature record: CXX_FEATURE:1cxx_thread_local
    Feature record: CXX_FEATURE:1cxx_trailing_return_types
    Feature record: CXX_FEATURE:1cxx_unicode_literals
    Feature record: CXX_FEATURE:1cxx_uniform_initialization
    Feature record: CXX_FEATURE:1cxx_unrestricted_unions
    Feature record: CXX_FEATURE:1cxx_user_literals
    Feature record: CXX_FEATURE:1cxx_variable_templates
    Feature record: CXX_FEATURE:1cxx_variadic_macros
    Feature record: CXX_FEATURE:1cxx_variadic_templates


Detecting CXX [-std=c++11] compiler features compiled with the following output:
Change Dir: /home/phli/klee/build/CMakeFiles/CMakeTmp

Run Build Command:"/usr/bin/make" "cmTC_9cd32/fast"
/usr/bin/make -f CMakeFiles/cmTC_9cd32.dir/build.make CMakeFiles/cmTC_9cd32.dir/build
make[1]: Entering directory '/home/phli/klee/build/CMakeFiles/CMakeTmp'
Building CXX object CMakeFiles/cmTC_9cd32.dir/feature_tests.cxx.o
/usr/bin/c++     -fno-rtti    -std=c++11 -o CMakeFiles/cmTC_9cd32.dir/feature_tests.cxx.o -c /home/phli/klee/build/CMakeFiles/feature_tests.cxx
Linking CXX executable cmTC_9cd32
/usr/bin/cmake -E cmake_link_script CMakeFiles/cmTC_9cd32.dir/link.txt --verbose=1
/usr/bin/c++   -fno-rtti     CMakeFiles/cmTC_9cd32.dir/feature_tests.cxx.o  -o cmTC_9cd32 -rdynamic 
make[1]: Leaving directory '/home/phli/klee/build/CMakeFiles/CMakeTmp'


    Feature record: CXX_FEATURE:0cxx_aggregate_default_initializers
    Feature record: CXX_FEATURE:1cxx_alias_templates
    Feature record: CXX_FEATURE:1cxx_alignas
    Feature record: CXX_FEATURE:1cxx_alignof
    Feature record: CXX_FEATURE:1cxx_attributes
    Feature record: CXX_FEATURE:0cxx_attribute_deprecated
    Feature record: CXX_FEATURE:1cxx_auto_type
    Feature record: CXX_FEATURE:0cxx_binary_literals
    Feature record: CXX_FEATURE:1cxx_constexpr
    Feature record: CXX_FEATURE:0cxx_contextual_conversions
    Feature record: CXX_FEATURE:1cxx_decltype
    Feature record: CXX_FEATURE:0cxx_decltype_auto
    Feature record: CXX_FEATURE:1cxx_decltype_incomplete_return_types
    Feature record: CXX_FEATURE:1cxx_default_function_template_args
    Feature record: CXX_FEATURE:1cxx_defaulted_functions
    Feature record: CXX_FEATURE:1cxx_defaulted_move_initializers
    Feature record: CXX_FEATURE:1cxx_delegating_constructors
    Feature record: CXX_FEATURE:1cxx_deleted_functions
    Feature record: CXX_FEATURE:0cxx_digit_separators
    Feature record: CXX_FEATURE:1cxx_enum_forward_declarations
    Feature record: CXX_FEATURE:1cxx_explicit_conversions
    Feature record: CXX_FEATURE:1cxx_extended_friend_declarations
    Feature record: CXX_FEATURE:1cxx_extern_templates
    Feature record: CXX_FEATURE:1cxx_final
    Feature record: CXX_FEATURE:1cxx_func_identifier
    Feature record: CXX_FEATURE:1cxx_generalized_initializers
    Feature record: CXX_FEATURE:0cxx_generic_lambdas
    Feature record: CXX_FEATURE:1cxx_inheriting_constructors
    Feature record: CXX_FEATURE:1cxx_inline_namespaces
    Feature record: CXX_FEATURE:1cxx_lambdas
    Feature record: CXX_FEATURE:0cxx_lambda_init_captures
    Feature record: CXX_FEATURE:1cxx_local_type_template_args
    Feature record: CXX_FEATURE:1cxx_long_long_type
    Feature record: CXX_FEATURE:1cxx_noexcept
    Feature record: CXX_FEATURE:1cxx_nonstatic_member_init
    Feature record: CXX_FEATURE:1cxx_nullptr
    Feature record: CXX_FEATURE:1cxx_override
    Feature record: CXX_FEATURE:1cxx_range_for
    Feature record: CXX_FEATURE:1cxx_raw_string_literals
    Feature record: CXX_FEATURE:1cxx_reference_qualified_functions
    Feature record: CXX_FEATURE:0cxx_relaxed_constexpr
    Feature record: CXX_FEATURE:0cxx_return_type_deduction
    Feature record: CXX_FEATURE:1cxx_right_angle_brackets
    Feature record: CXX_FEATURE:1cxx_rvalue_references
    Feature record: CXX_FEATURE:1cxx_sizeof_member
    Feature record: CXX_FEATURE:1cxx_static_assert
    Feature record: CXX_FEATURE:1cxx_strong_enums
    Feature record: CXX_FEATURE:1cxx_template_template_parameters
    Feature record: CXX_FEATURE:1cxx_thread_local
    Feature record: CXX_FEATURE:1cxx_trailing_return_types
    Feature record: CXX_FEATURE:1cxx_unicode_literals
    Feature record: CXX_FEATURE:1cxx_uniform_initialization
    Feature record: CXX_FEATURE:1cxx_unrestricted_unions
    Feature record: CXX_FEATURE:1cxx_user_literals
    Feature record: CXX_FEATURE:0cxx_variable_templates
    Feature record: CXX_FEATURE:1cxx_variadic_macros
    Feature record: CXX_FEATURE:1cxx_variadic_templates


Detecting CXX [-std=c++98] compiler features compiled with the following output:
Change Dir: /home/phli/klee/build/CMakeFiles/CMakeTmp

Run Build Command:"/usr/bin/make" "cmTC_010e9/fast"
/usr/bin/make -f CMakeFiles/cmTC_010e9.dir/build.make CMakeFiles/cmTC_010e9.dir/build
make[1]: Entering directory '/home/phli/klee/build/CMakeFiles/CMakeTmp'
Building CXX object CMakeFiles/cmTC_010e9.dir/feature_tests.cxx.o
/usr/bin/c++     -fno-rtti    -std=c++98 -o CMakeFiles/cmTC_010e9.dir/feature_tests.cxx.o -c /home/phli/klee/build/CMakeFiles/feature_tests.cxx
Linking CXX executable cmTC_010e9
/usr/bin/cmake -E cmake_link_script CMakeFiles/cmTC_010e9.dir/link.txt --verbose=1
/usr/bin/c++   -fno-rtti     CMakeFiles/cmTC_010e9.dir/feature_tests.cxx.o  -o cmTC_010e9 -rdynamic 
make[1]: Leaving directory '/home/phli/klee/build/CMakeFiles/CMakeTmp'


    Feature record: CXX_FEATURE:0cxx_aggregate_default_initializers
    Feature record: CXX_FEATURE:0cxx_alias_templates
    Feature record: CXX_FEATURE:0cxx_alignas
    Feature record: CXX_FEATURE:0cxx_alignof
    Feature record: CXX_FEATURE:0cxx_attributes
    Feature record: CXX_FEATURE:0cxx_attribute_deprecated
    Feature record: CXX_FEATURE:0cxx_auto_type
    Feature record: CXX_FEATURE:0cxx_binary_literals
    Feature record: CXX_FEATURE:0cxx_constexpr
    Feature record: CXX_FEATURE:0cxx_contextual_conversions
    Feature record: CXX_FEATURE:0cxx_decltype
    Feature record: CXX_FEATURE:0cxx_decltype_auto
    Feature record: CXX_FEATURE:0cxx_decltype_incomplete_return_types
    Feature record: CXX_FEATURE:0cxx_default_function_template_args
    Feature record: CXX_FEATURE:0cxx_defaulted_functions
    Feature record: CXX_FEATURE:0cxx_defaulted_move_initializers
    Feature record: CXX_FEATURE:0cxx_delegating_constructors
    Feature record: CXX_FEATURE:0cxx_deleted_functions
    Feature record: CXX_FEATURE:0cxx_digit_separators
    Feature record: CXX_FEATURE:0cxx_enum_forward_declarations
    Feature record: CXX_FEATURE:0cxx_explicit_conversions
    Feature record: CXX_FEATURE:0cxx_extended_friend_declarations
    Feature record: CXX_FEATURE:0cxx_extern_templates
    Feature record: CXX_FEATURE:0cxx_final
    Feature record: CXX_FEATURE:0cxx_func_identifier
    Feature record: CXX_FEATURE:0cxx_generalized_initializers
    Feature record: CXX_FEATURE:0cxx_generic_lambdas
    Feature record: CXX_FEATURE:0cxx_inheriting_constructors
    Feature record: CXX_FEATURE:0cxx_inline_namespaces
    Feature record: CXX_FEATURE:0cxx_lambdas
    Feature record: CXX_FEATURE:0cxx_lambda_init_captures
    Feature record: CXX_FEATURE:0cxx_local_type_template_args
    Feature record: CXX_FEATURE:0cxx_long_long_type
    Feature record: CXX_FEATURE:0cxx_noexcept
    Feature record: CXX_FEATURE:0cxx_nonstatic_member_init
    Feature record: CXX_FEATURE:0cxx_nullptr
    Feature record: CXX_FEATURE:0cxx_override
    Feature record: CXX_FEATURE:0cxx_range_for
    Feature record: CXX_FEATURE:0cxx_raw_string_literals
    Feature record: CXX_FEATURE:0cxx_reference_qualified_functions
    Feature record: CXX_FEATURE:0cxx_relaxed_constexpr
    Feature record: CXX_FEATURE:0cxx_return_type_deduction
    Feature record: CXX_FEATURE:0cxx_right_angle_brackets
    Feature record: CXX_FEATURE:0cxx_rvalue_references
    Feature record: CXX_FEATURE:0cxx_sizeof_member
    Feature record: CXX_FEATURE:0cxx_static_assert
    Feature record: CXX_FEATURE:0cxx_strong_enums
    Feature record: CXX_FEATURE:1cxx_template_template_parameters
    Feature record: CXX_FEATURE:0cxx_thread_local
    Feature record: CXX_FEATURE:0cxx_trailing_return_types
    Feature record: CXX_FEATURE:0cxx_unicode_literals
    Feature record: CXX_FEATURE:0cxx_uniform_initialization
    Feature record: CXX_FEATURE:0cxx_unrestricted_unions
    Feature record: CXX_FEATURE:0cxx_user_literals
    Feature record: CXX_FEATURE:0cxx_variable_templates
    Feature record: CXX_FEATURE:0cxx_variadic_macros
    Feature record: CXX_FEATURE:0cxx_variadic_templates
Determining if the C compiler works passed with the following output:
Change Dir: /home/phli/klee/build/CMakeFiles/CMakeTmp

Run Build Command:"/usr/bin/make" "cmTC_b4162/fast"
/usr/bin/make -f CMakeFiles/cmTC_b4162.dir/build.make CMakeFiles/cmTC_b4162.dir/build
make[1]: Entering directory '/home/phli/klee/build/CMakeFiles/CMakeTmp'
Building C object CMakeFiles/cmTC_b4162.dir/testCCompiler.c.o
/usr/bin/cc     -o CMakeFiles/cmTC_b4162.dir/testCCompiler.c.o   -c /home/phli/klee/build/CMakeFiles/CMakeTmp/testCCompiler.c
Linking C executable cmTC_b4162
/usr/bin/cmake -E cmake_link_script CMakeFiles/cmTC_b4162.dir/link.txt --verbose=1
/usr/bin/cc       CMakeFiles/cmTC_b4162.dir/testCCompiler.c.o  -o cmTC_b4162 -rdynamic 
make[1]: Leaving directory '/home/phli/klee/build/CMakeFiles/CMakeTmp'


Detecting C compiler ABI info compiled with the following output:
Change Dir: /home/phli/klee/build/CMakeFiles/CMakeTmp

Run Build Command:"/usr/bin/make" "cmTC_9e710/fast"
/usr/bin/make -f CMakeFiles/cmTC_9e710.dir/build.make CMakeFiles/cmTC_9e710.dir/build
make[1]: Entering directory '/home/phli/klee/build/CMakeFiles/CMakeTmp'
Building C object CMakeFiles/cmTC_9e710.dir/CMakeCCompilerABI.c.o
/usr/bin/cc     -o CMakeFiles/cmTC_9e710.dir/CMakeCCompilerABI.c.o   -c /usr/share/cmake-3.7/Modules/CMakeCCompilerABI.c
Linking C executable cmTC_9e710
/usr/bin/cmake -E cmake_link_script CMakeFiles/cmTC_9e710.dir/link.txt --verbose=1
/usr/bin/cc      -v CMakeFiles/cmTC_9e710.dir/CMakeCCompilerABI.c.o  -o cmTC_9e710 -rdynamic  
Using built-in specs.
COLLECT_GCC=/usr/bin/cc
COLLECT_LTO_WRAPPER=/usr/lib/gcc/x86_64-linux-gnu/6/lto-wrapper
Target: x86_64-linux-gnu
Configured with: ../src/configure -v --with-pkgversion='Debian 6.3.0-18+deb9u1' --with-bugurl=file:///usr/share/doc/gcc-6/README.Bugs --enable-languages=c,ada,c++,java,go,d,fortran,objc,obj-c++ --prefix=/usr --program-suffix=-6 --program-prefix=x86_64-linux-gnu- --enable-shared --enable-linker-build-id --libexecdir=/usr/lib --without-included-gettext --enable-threads=posix --libdir=/usr/lib --enable-nls --with-sysroot=/ --enable-clocale=gnu --enable-libstdcxx-debug --enable-libstdcxx-time=yes --with-default-libstdcxx-abi=new --enable-gnu-unique-object --disable-vtable-verify --enable-libmpx --enable-plugin --enable-default-pie --with-system-zlib --disable-browser-plugin --enable-java-awt=gtk --enable-gtk-cairo --with-java-home=/usr/lib/jvm/java-1.5.0-gcj-6-amd64/jre --enable-java-home --with-jvm-root-dir=/usr/lib/jvm/java-1.5.0-gcj-6-amd64 --with-jvm-jar-dir=/usr/lib/jvm-exports/java-1.5.0-gcj-6-amd64 --with-arch-directory=amd64 --with-ecj-jar=/usr/share/java/eclipse-ecj.jar --with-target-system-zlib --enable-objc-gc=auto --enable-multiarch --with-arch-32=i686 --with-abi=m64 --with-multilib-list=m32,m64,mx32 --enable-multilib --with-tune=generic --enable-checking=release --build=x86_64-linux-gnu --host=x86_64-linux-gnu --target=x86_64-linux-gnu
Thread model: posix
gcc version 6.3.0 20170516 (Debian 6.3.0-18+deb9u1) 
COMPILER_PATH=/usr/lib/gcc/x86_64-linux-gnu/6/:/usr/lib/gcc/x86_64-linux-gnu/6/:/usr/lib/gcc/x86_64-linux-gnu/:/usr/lib/gcc/x86_64-linux-gnu/6/:/usr/lib/gcc/x86_64-linux-gnu/
LIBRARY_PATH=/usr/lib/gcc/x86_64-linux-gnu/6/:/usr/lib/gcc/x86_64-linux-gnu/6/../../../x86_64-linux-gnu/:/usr/lib/gcc/x86_64-linux-gnu/6/../../../../lib/:/lib/x86_64-linux-gnu/:/lib/../lib/:/usr/lib/x86_64-linux-gnu/:/usr/lib/../lib/:/usr/lib/gcc/x86_64-linux-gnu/6/../../../:/lib/:/usr/lib/
COLLECT_GCC_OPTIONS='-v' '-o' 'cmTC_9e710' '-rdynamic' '-mtune=generic' '-march=x86-64'
 /usr/lib/gcc/x86_64-linux-gnu/6/collect2 -plugin /usr/lib/gcc/x86_64-linux-gnu/6/liblto_plugin.so -plugin-opt=/usr/lib/gcc/x86_64-linux-gnu/6/lto-wrapper -plugin-opt=-fresolution=/tmp/phli/ccAULKHE.res -plugin-opt=-pass-through=-lgcc -plugin-opt=-pass-through=-lgcc_s -plugin-opt=-pass-through=-lc -plugin-opt=-pass-through=-lgcc -plugin-opt=-pass-through=-lgcc_s --sysroot=/ --build-id --eh-frame-hdr -m elf_x86_64 --hash-style=gnu -export-dynamic -dynamic-linker /lib64/ld-linux-x86-64.so.2 -pie -o cmTC_9e710 /usr/lib/gcc/x86_64-linux-gnu/6/../../../x86_64-linux-gnu/Scrt1.o /usr/lib/gcc/x86_64-linux-gnu/6/../../../x86_64-linux-gnu/crti.o /usr/lib/gcc/x86_64-linux-gnu/6/crtbeginS.o -L/usr/lib/gcc/x86_64-linux-gnu/6 -L/usr/lib/gcc/x86_64-linux-gnu/6/../../../x86_64-linux-gnu -L/usr/lib/gcc/x86_64-linux-gnu/6/../../../../lib -L/lib/x86_64-linux-gnu -L/lib/../lib -L/usr/lib/x86_64-linux-gnu -L/usr/lib/../lib -L/usr/lib/gcc/x86_64-linux-gnu/6/../../.. CMakeFiles/cmTC_9e710.dir/CMakeCCompilerABI.c.o -lgcc --as-needed -lgcc_s --no-as-needed -lc -lgcc --as-needed -lgcc_s --no-as-needed /usr/lib/gcc/x86_64-linux-gnu/6/crtendS.o /usr/lib/gcc/x86_64-linux-gnu/6/../../../x86_64-linux-gnu/crtn.o
COLLECT_GCC_OPTIONS='-v' '-o' 'cmTC_9e710' '-rdynamic' '-mtune=generic' '-march=x86-64'
make[1]: Leaving directory '/home/phli/klee/build/CMakeFiles/CMakeTmp'


Parsed C implicit link information from above output:
  link line regex: [^( *|.*[/\])(ld|([^/\]+-)?ld|collect2)[^/\]*( |$)]
  ignore line: [Change Dir: /home/phli/klee/build/CMakeFiles/CMakeTmp]
  ignore line: []
  ignore line: [Run Build Command:"/usr/bin/make" "cmTC_9e710/fast"]
  ignore line: [/usr/bin/make -f CMakeFiles/cmTC_9e710.dir/build.make CMakeFiles/cmTC_9e710.dir/build]
  ignore line: [make[1]: Entering directory '/home/phli/klee/build/CMakeFiles/CMakeTmp']
  ignore line: [Building C object CMakeFiles/cmTC_9e710.dir/CMakeCCompilerABI.c.o]
  ignore line: [/usr/bin/cc     -o CMakeFiles/cmTC_9e710.dir/CMakeCCompilerABI.c.o   -c /usr/share/cmake-3.7/Modules/CMakeCCompilerABI.c]
  ignore line: [Linking C executable cmTC_9e710]
  ignore line: [/usr/bin/cmake -E cmake_link_script CMakeFiles/cmTC_9e710.dir/link.txt --verbose=1]
  ignore line: [/usr/bin/cc      -v CMakeFiles/cmTC_9e710.dir/CMakeCCompilerABI.c.o  -o cmTC_9e710 -rdynamic  ]
  ignore line: [Using built-in specs.]
  ignore line: [COLLECT_GCC=/usr/bin/cc]
  ignore line: [COLLECT_LTO_WRAPPER=/usr/lib/gcc/x86_64-linux-gnu/6/lto-wrapper]
  ignore line: [Target: x86_64-linux-gnu]
  ignore line: [Configured with: ../src/configure -v --with-pkgversion='Debian 6.3.0-18+deb9u1' --with-bugurl=file:///usr/share/doc/gcc-6/README.Bugs --enable-languages=c,ada,c++,java,go,d,fortran,objc,obj-c++ --prefix=/usr --program-suffix=-6 --program-prefix=x86_64-linux-gnu- --enable-shared --enable-linker-build-id --libexecdir=/usr/lib --without-included-gettext --enable-threads=posix --libdir=/usr/lib --enable-nls --with-sysroot=/ --enable-clocale=gnu --enable-libstdcxx-debug --enable-libstdcxx-time=yes --with-default-libstdcxx-abi=new --enable-gnu-unique-object --disable-vtable-verify --enable-libmpx --enable-plugin --enable-default-pie --with-system-zlib --disable-browser-plugin --enable-java-awt=gtk --enable-gtk-cairo --with-java-home=/usr/lib/jvm/java-1.5.0-gcj-6-amd64/jre --enable-java-home --with-jvm-root-dir=/usr/lib/jvm/java-1.5.0-gcj-6-amd64 --with-jvm-jar-dir=/usr/lib/jvm-exports/java-1.5.0-gcj-6-amd64 --with-arch-directory=amd64 --with-ecj-jar=/usr/share/java/eclipse-ecj.jar --with-target-system-zlib --enable-objc-gc=auto --enable-multiarch --with-arch-32=i686 --with-abi=m64 --with-multilib-list=m32,m64,mx32 --enable-multilib --with-tune=generic --enable-checking=release --build=x86_64-linux-gnu --host=x86_64-linux-gnu --target=x86_64-linux-gnu]
  ignore line: [Thread model: posix]
  ignore line: [gcc version 6.3.0 20170516 (Debian 6.3.0-18+deb9u1) ]
  ignore line: [COMPILER_PATH=/usr/lib/gcc/x86_64-linux-gnu/6/:/usr/lib/gcc/x86_64-linux-gnu/6/:/usr/lib/gcc/x86_64-linux-gnu/:/usr/lib/gcc/x86_64-linux-gnu/6/:/usr/lib/gcc/x86_64-linux-gnu/]
  ignore line: [LIBRARY_PATH=/usr/lib/gcc/x86_64-linux-gnu/6/:/usr/lib/gcc/x86_64-linux-gnu/6/../../../x86_64-linux-gnu/:/usr/lib/gcc/x86_64-linux-gnu/6/../../../../lib/:/lib/x86_64-linux-gnu/:/lib/../lib/:/usr/lib/x86_64-linux-gnu/:/usr/lib/../lib/:/usr/lib/gcc/x86_64-linux-gnu/6/../../../:/lib/:/usr/lib/]
  ignore line: [COLLECT_GCC_OPTIONS='-v' '-o' 'cmTC_9e710' '-rdynamic' '-mtune=generic' '-march=x86-64']
  link line: [ /usr/lib/gcc/x86_64-linux-gnu/6/collect2 -plugin /usr/lib/gcc/x86_64-linux-gnu/6/liblto_plugin.so -plugin-opt=/usr/lib/gcc/x86_64-linux-gnu/6/lto-wrapper -plugin-opt=-fresolution=/tmp/phli/ccAULKHE.res -plugin-opt=-pass-through=-lgcc -plugin-opt=-pass-through=-lgcc_s -plugin-opt=-pass-through=-lc -plugin-opt=-pass-through=-lgcc -plugin-opt=-pass-through=-lgcc_s --sysroot=/ --build-id --eh-frame-hdr -m elf_x86_64 --hash-style=gnu -export-dynamic -dynamic-linker /lib64/ld-linux-x86-64.so.2 -pie -o cmTC_9e710 /usr/lib/gcc/x86_64-linux-gnu/6/../../../x86_64-linux-gnu/Scrt1.o /usr/lib/gcc/x86_64-linux-gnu/6/../../../x86_64-linux-gnu/crti.o /usr/lib/gcc/x86_64-linux-gnu/6/crtbeginS.o -L/usr/lib/gcc/x86_64-linux-gnu/6 -L/usr/lib/gcc/x86_64-linux-gnu/6/../../../x86_64-linux-gnu -L/usr/lib/gcc/x86_64-linux-gnu/6/../../../../lib -L/lib/x86_64-linux-gnu -L/lib/../lib -L/usr/lib/x86_64-linux-gnu -L/usr/lib/../lib -L/usr/lib/gcc/x86_64-linux-gnu/6/../../.. CMakeFiles/cmTC_9e710.dir/CMakeCCompilerABI.c.o -lgcc --as-needed -lgcc_s --no-as-needed -lc -lgcc --as-needed -lgcc_s --no-as-needed /usr/lib/gcc/x86_64-linux-gnu/6/crtendS.o /usr/lib/gcc/x86_64-linux-gnu/6/../../../x86_64-linux-gnu/crtn.o]
    arg [/usr/lib/gcc/x86_64-linux-gnu/6/collect2] ==> ignore
    arg [-plugin] ==> ignore
    arg [/usr/lib/gcc/x86_64-linux-gnu/6/liblto_plugin.so] ==> ignore
    arg [-plugin-opt=/usr/lib/gcc/x86_64-linux-gnu/6/lto-wrapper] ==> ignore
    arg [-plugin-opt=-fresolution=/tmp/phli/ccAULKHE.res] ==> ignore
    arg [-plugin-opt=-pass-through=-lgcc] ==> ignore
    arg [-plugin-opt=-pass-through=-lgcc_s] ==> ignore
    arg [-plugin-opt=-pass-through=-lc] ==> ignore
    arg [-plugin-opt=-pass-through=-lgcc] ==> ignore
    arg [-plugin-opt=-pass-through=-lgcc_s] ==> ignore
    arg [--sysroot=/] ==> ignore
    arg [--build-id] ==> ignore
    arg [--eh-frame-hdr] ==> ignore
    arg [-m] ==> ignore
    arg [elf_x86_64] ==> ignore
    arg [--hash-style=gnu] ==> ignore
    arg [-export-dynamic] ==> ignore
    arg [-dynamic-linker] ==> ignore
    arg [/lib64/ld-linux-x86-64.so.2] ==> ignore
    arg [-pie] ==> ignore
    arg [-o] ==> ignore
    arg [cmTC_9e710] ==> ignore
    arg [/usr/lib/gcc/x86_64-linux-gnu/6/../../../x86_64-linux-gnu/Scrt1.o] ==> ignore
    arg [/usr/lib/gcc/x86_64-linux-gnu/6/../../../x86_64-linux-gnu/crti.o] ==> ignore
    arg [/usr/lib/gcc/x86_64-linux-gnu/6/crtbeginS.o] ==> ignore
    arg [-L/usr/lib/gcc/x86_64-linux-gnu/6] ==> dir [/usr/lib/gcc/x86_64-linux-gnu/6]
    arg [-L/usr/lib/gcc/x86_64-linux-gnu/6/../../../x86_64-linux-gnu] ==> dir [/usr/lib/gcc/x86_64-linux-gnu/6/../../../x86_64-linux-gnu]
    arg [-L/usr/lib/gcc/x86_64-linux-gnu/6/../../../../lib] ==> dir [/usr/lib/gcc/x86_64-linux-gnu/6/../../../../lib]
    arg [-L/lib/x86_64-linux-gnu] ==> dir [/lib/x86_64-linux-gnu]
    arg [-L/lib/../lib] ==> dir [/lib/../lib]
    arg [-L/usr/lib/x86_64-linux-gnu] ==> dir [/usr/lib/x86_64-linux-gnu]
    arg [-L/usr/lib/../lib] ==> dir [/usr/lib/../lib]
    arg [-L/usr/lib/gcc/x86_64-linux-gnu/6/../../..] ==> dir [/usr/lib/gcc/x86_64-linux-gnu/6/../../..]
    arg [CMakeFiles/cmTC_9e710.dir/CMakeCCompilerABI.c.o] ==> ignore
    arg [-lgcc] ==> lib [gcc]
    arg [--as-needed] ==> ignore
    arg [-lgcc_s] ==> lib [gcc_s]
    arg [--no-as-needed] ==> ignore
    arg [-lc] ==> lib [c]
    arg [-lgcc] ==> lib [gcc]
    arg [--as-needed] ==> ignore
    arg [-lgcc_s] ==> lib [gcc_s]
    arg [--no-as-needed] ==> ignore
    arg [/usr/lib/gcc/x86_64-linux-gnu/6/crtendS.o] ==> ignore
    arg [/usr/lib/gcc/x86_64-linux-gnu/6/../../../x86_64-linux-gnu/crtn.o] ==> ignore
  remove lib [gcc]
  remove lib [gcc_s]
  remove lib [gcc]
  remove lib [gcc_s]
  collapse library dir [/usr/lib/gcc/x86_64-linux-gnu/6] ==> [/usr/lib/gcc/x86_64-linux-gnu/6]
  collapse library dir [/usr/lib/gcc/x86_64-linux-gnu/6/../../../x86_64-linux-gnu] ==> [/usr/lib/x86_64-linux-gnu]
  collapse library dir [/usr/lib/gcc/x86_64-linux-gnu/6/../../../../lib] ==> [/usr/lib]
  collapse library dir [/lib/x86_64-linux-gnu] ==> [/lib/x86_64-linux-gnu]
  collapse library dir [/lib/../lib] ==> [/lib]
  collapse library dir [/usr/lib/x86_64-linux-gnu] ==> [/usr/lib/x86_64-linux-gnu]
  collapse library dir [/usr/lib/../lib] ==> [/usr/lib]
  collapse library dir [/usr/lib/gcc/x86_64-linux-gnu/6/../../..] ==> [/usr/lib]
  implicit libs: [c]
  implicit dirs: [/usr/lib/gcc/x86_64-linux-gnu/6;/usr/lib/x86_64-linux-gnu;/usr/lib;/lib/x86_64-linux-gnu;/lib]
  implicit fwks: []




Detecting C [-std=c11] compiler features compiled with the following output:
Change Dir: /home/phli/klee/build/CMakeFiles/CMakeTmp

Run Build Command:"/usr/bin/make" "cmTC_571b1/fast"
/usr/bin/make -f CMakeFiles/cmTC_571b1.dir/build.make CMakeFiles/cmTC_571b1.dir/build
make[1]: Entering directory '/home/phli/klee/build/CMakeFiles/CMakeTmp'
Building C object CMakeFiles/cmTC_571b1.dir/feature_tests.c.o
/usr/bin/cc    -std=c11 -o CMakeFiles/cmTC_571b1.dir/feature_tests.c.o   -c /home/phli/klee/build/CMakeFiles/feature_tests.c
Linking C executable cmTC_571b1
/usr/bin/cmake -E cmake_link_script CMakeFiles/cmTC_571b1.dir/link.txt --verbose=1
/usr/bin/cc       CMakeFiles/cmTC_571b1.dir/feature_tests.c.o  -o cmTC_571b1 -rdynamic 
make[1]: Leaving directory '/home/phli/klee/build/CMakeFiles/CMakeTmp'


    Feature record: C_FEATURE:1c_function_prototypes
    Feature record: C_FEATURE:1c_restrict
    Feature record: C_FEATURE:1c_static_assert
    Feature record: C_FEATURE:1c_variadic_macros


Detecting C [-std=c99] compiler features compiled with the following output:
Change Dir: /home/phli/klee/build/CMakeFiles/CMakeTmp

Run Build Command:"/usr/bin/make" "cmTC_d8ba5/fast"
/usr/bin/make -f CMakeFiles/cmTC_d8ba5.dir/build.make CMakeFiles/cmTC_d8ba5.dir/build
make[1]: Entering directory '/home/phli/klee/build/CMakeFiles/CMakeTmp'
Building C object CMakeFiles/cmTC_d8ba5.dir/feature_tests.c.o
/usr/bin/cc    -std=c99 -o CMakeFiles/cmTC_d8ba5.dir/feature_tests.c.o   -c /home/phli/klee/build/CMakeFiles/feature_tests.c
Linking C executable cmTC_d8ba5
/usr/bin/cmake -E cmake_link_script CMakeFiles/cmTC_d8ba5.dir/link.txt --verbose=1
/usr/bin/cc       CMakeFiles/cmTC_d8ba5.dir/feature_tests.c.o  -o cmTC_d8ba5 -rdynamic 
make[1]: Leaving directory '/home/phli/klee/build/CMakeFiles/CMakeTmp'


    Feature record: C_FEATURE:1c_function_prototypes
    Feature record: C_FEATURE:1c_restrict
    Feature record: C_FEATURE:0c_static_assert
    Feature record: C_FEATURE:1c_variadic_macros


Detecting C [-std=c90] compiler features compiled with the following output:
Change Dir: /home/phli/klee/build/CMakeFiles/CMakeTmp

Run Build Command:"/usr/bin/make" "cmTC_1e634/fast"
/usr/bin/make -f CMakeFiles/cmTC_1e634.dir/build.make CMakeFiles/cmTC_1e634.dir/build
make[1]: Entering directory '/home/phli/klee/build/CMakeFiles/CMakeTmp'
Building C object CMakeFiles/cmTC_1e634.dir/feature_tests.c.o
/usr/bin/cc    -std=c90 -o CMakeFiles/cmTC_1e634.dir/feature_tests.c.o   -c /home/phli/klee/build/CMakeFiles/feature_tests.c
Linking C executable cmTC_1e634
/usr/bin/cmake -E cmake_link_script CMakeFiles/cmTC_1e634.dir/link.txt --verbose=1
/usr/bin/cc       CMakeFiles/cmTC_1e634.dir/feature_tests.c.o  -o cmTC_1e634 -rdynamic 
make[1]: Leaving directory '/home/phli/klee/build/CMakeFiles/CMakeTmp'


    Feature record: C_FEATURE:1c_function_prototypes
    Feature record: C_FEATURE:0c_restrict
    Feature record: C_FEATURE:0c_static_assert
    Feature record: C_FEATURE:0c_variadic_macros
Performing C++ SOURCE FILE Test HAS__Wall_CXX succeeded with the following output:
Change Dir: /home/phli/klee/build/CMakeFiles/CMakeTmp

Run Build Command:"/usr/bin/make" "cmTC_9c8c8/fast"
/usr/bin/make -f CMakeFiles/cmTC_9c8c8.dir/build.make CMakeFiles/cmTC_9c8c8.dir/build
make[1]: Entering directory '/home/phli/klee/build/CMakeFiles/CMakeTmp'
Building CXX object CMakeFiles/cmTC_9c8c8.dir/src.cxx.o
/usr/bin/c++     -fno-rtti -DHAS__Wall_CXX   -Wall -o CMakeFiles/cmTC_9c8c8.dir/src.cxx.o -c /home/phli/klee/build/CMakeFiles/CMakeTmp/src.cxx
Linking CXX executable cmTC_9c8c8
/usr/bin/cmake -E cmake_link_script CMakeFiles/cmTC_9c8c8.dir/link.txt --verbose=1
/usr/bin/c++   -fno-rtti -DHAS__Wall_CXX    CMakeFiles/cmTC_9c8c8.dir/src.cxx.o  -o cmTC_9c8c8 -rdynamic 
make[1]: Leaving directory '/home/phli/klee/build/CMakeFiles/CMakeTmp'

Source file was:
int main() { return 0; }
Performing C++ SOURCE FILE Test HAS__Wextra_CXX succeeded with the following output:
Change Dir: /home/phli/klee/build/CMakeFiles/CMakeTmp

Run Build Command:"/usr/bin/make" "cmTC_36f78/fast"
/usr/bin/make -f CMakeFiles/cmTC_36f78.dir/build.make CMakeFiles/cmTC_36f78.dir/build
make[1]: Entering directory '/home/phli/klee/build/CMakeFiles/CMakeTmp'
Building CXX object CMakeFiles/cmTC_36f78.dir/src.cxx.o
/usr/bin/c++     -fno-rtti -Wall -DHAS__Wextra_CXX   -Wextra -o CMakeFiles/cmTC_36f78.dir/src.cxx.o -c /home/phli/klee/build/CMakeFiles/CMakeTmp/src.cxx
Linking CXX executable cmTC_36f78
/usr/bin/cmake -E cmake_link_script CMakeFiles/cmTC_36f78.dir/link.txt --verbose=1
/usr/bin/c++   -fno-rtti -Wall -DHAS__Wextra_CXX    CMakeFiles/cmTC_36f78.dir/src.cxx.o  -o cmTC_36f78 -rdynamic 
make[1]: Leaving directory '/home/phli/klee/build/CMakeFiles/CMakeTmp'

Source file was:
int main() { return 0; }
Performing C++ SOURCE FILE Test HAS__Wno_unused_parameter_CXX succeeded with the following output:
Change Dir: /home/phli/klee/build/CMakeFiles/CMakeTmp

Run Build Command:"/usr/bin/make" "cmTC_e5c18/fast"
/usr/bin/make -f CMakeFiles/cmTC_e5c18.dir/build.make CMakeFiles/cmTC_e5c18.dir/build
make[1]: Entering directory '/home/phli/klee/build/CMakeFiles/CMakeTmp'
Building CXX object CMakeFiles/cmTC_e5c18.dir/src.cxx.o
/usr/bin/c++     -fno-rtti -Wall -Wextra -DHAS__Wno_unused_parameter_CXX   -Wno-unused-parameter -o CMakeFiles/cmTC_e5c18.dir/src.cxx.o -c /home/phli/klee/build/CMakeFiles/CMakeTmp/src.cxx
Linking CXX executable cmTC_e5c18
/usr/bin/cmake -E cmake_link_script CMakeFiles/cmTC_e5c18.dir/link.txt --verbose=1
/usr/bin/c++   -fno-rtti -Wall -Wextra -DHAS__Wno_unused_parameter_CXX    CMakeFiles/cmTC_e5c18.dir/src.cxx.o  -o cmTC_e5c18 -rdynamic 
make[1]: Leaving directory '/home/phli/klee/build/CMakeFiles/CMakeTmp'

Source file was:
int main() { return 0; }
Performing C SOURCE FILE Test HAS__Wall_C succeeded with the following output:
Change Dir: /home/phli/klee/build/CMakeFiles/CMakeTmp

Run Build Command:"/usr/bin/make" "cmTC_75dd9/fast"
/usr/bin/make -f CMakeFiles/cmTC_75dd9.dir/build.make CMakeFiles/cmTC_75dd9.dir/build
make[1]: Entering directory '/home/phli/klee/build/CMakeFiles/CMakeTmp'
Building C object CMakeFiles/cmTC_75dd9.dir/src.c.o
/usr/bin/cc    -DHAS__Wall_C   -Wall -o CMakeFiles/cmTC_75dd9.dir/src.c.o   -c /home/phli/klee/build/CMakeFiles/CMakeTmp/src.c
Linking C executable cmTC_75dd9
/usr/bin/cmake -E cmake_link_script CMakeFiles/cmTC_75dd9.dir/link.txt --verbose=1
/usr/bin/cc   -DHAS__Wall_C    CMakeFiles/cmTC_75dd9.dir/src.c.o  -o cmTC_75dd9 -rdynamic 
make[1]: Leaving directory '/home/phli/klee/build/CMakeFiles/CMakeTmp'

Source file was:
int main(void) { return 0; }
Performing C SOURCE FILE Test HAS__Wextra_C succeeded with the following output:
Change Dir: /home/phli/klee/build/CMakeFiles/CMakeTmp

Run Build Command:"/usr/bin/make" "cmTC_0f017/fast"
/usr/bin/make -f CMakeFiles/cmTC_0f017.dir/build.make CMakeFiles/cmTC_0f017.dir/build
make[1]: Entering directory '/home/phli/klee/build/CMakeFiles/CMakeTmp'
Building C object CMakeFiles/cmTC_0f017.dir/src.c.o
/usr/bin/cc    -Wall -DHAS__Wextra_C   -Wextra -o CMakeFiles/cmTC_0f017.dir/src.c.o   -c /home/phli/klee/build/CMakeFiles/CMakeTmp/src.c
Linking C executable cmTC_0f017
/usr/bin/cmake -E cmake_link_script CMakeFiles/cmTC_0f017.dir/link.txt --verbose=1
/usr/bin/cc   -Wall -DHAS__Wextra_C    CMakeFiles/cmTC_0f017.dir/src.c.o  -o cmTC_0f017 -rdynamic 
make[1]: Leaving directory '/home/phli/klee/build/CMakeFiles/CMakeTmp'

Source file was:
int main(void) { return 0; }
Performing C SOURCE FILE Test HAS__Wno_unused_parameter_C succeeded with the following output:
Change Dir: /home/phli/klee/build/CMakeFiles/CMakeTmp

Run Build Command:"/usr/bin/make" "cmTC_85538/fast"
/usr/bin/make -f CMakeFiles/cmTC_85538.dir/build.make CMakeFiles/cmTC_85538.dir/build
make[1]: Entering directory '/home/phli/klee/build/CMakeFiles/CMakeTmp'
Building C object CMakeFiles/cmTC_85538.dir/src.c.o
/usr/bin/cc    -Wall -Wextra -DHAS__Wno_unused_parameter_C   -Wno-unused-parameter -o CMakeFiles/cmTC_85538.dir/src.c.o   -c /home/phli/klee/build/CMakeFiles/CMakeTmp/src.c
Linking C executable cmTC_85538
/usr/bin/cmake -E cmake_link_script CMakeFiles/cmTC_85538.dir/link.txt --verbose=1
/usr/bin/cc   -Wall -Wextra -DHAS__Wno_unused_parameter_C    CMakeFiles/cmTC_85538.dir/src.c.o  -o cmTC_85538 -rdynamic 
make[1]: Leaving directory '/home/phli/klee/build/CMakeFiles/CMakeTmp'

Source file was:
int main(void) { return 0; }
Determining if the prototype Z3_get_error_msg exists for HAVE_Z3_GET_ERROR_MSG_NEEDS_CONTEXT passed with the following output:
Change Dir: /home/phli/klee/build/CMakeFiles/CMakeTmp

Run Build Command:"/usr/bin/make" "cmTC_0259f/fast"
/usr/bin/make -f CMakeFiles/cmTC_0259f.dir/build.make CMakeFiles/cmTC_0259f.dir/build
make[1]: Entering directory '/home/phli/klee/build/CMakeFiles/CMakeTmp'
Building C object CMakeFiles/cmTC_0259f.dir/CheckPrototypeDefinition.c.o
/usr/bin/cc    -Wall -Wextra -Wno-unused-parameter    -o CMakeFiles/cmTC_0259f.dir/CheckPrototypeDefinition.c.o   -c /home/phli/klee/build/CMakeFiles/CMakeTmp/CheckPrototypeDefinition.c
Linking C executable cmTC_0259f
/usr/bin/cmake -E cmake_link_script CMakeFiles/cmTC_0259f.dir/link.txt --verbose=1
/usr/bin/cc   -Wall -Wextra -Wno-unused-parameter     CMakeFiles/cmTC_0259f.dir/CheckPrototypeDefinition.c.o  -o cmTC_0259f -rdynamic /usr/lib/libz3.so 
make[1]: Leaving directory '/home/phli/klee/build/CMakeFiles/CMakeTmp'


Performing C++ SOURCE FILE Test HAS__fno_exceptions succeeded with the following output:
Change Dir: /home/phli/klee/build/CMakeFiles/CMakeTmp

Run Build Command:"/usr/bin/make" "cmTC_ebd7f/fast"
/usr/bin/make -f CMakeFiles/cmTC_ebd7f.dir/build.make CMakeFiles/cmTC_ebd7f.dir/build
make[1]: Entering directory '/home/phli/klee/build/CMakeFiles/CMakeTmp'
Building CXX object CMakeFiles/cmTC_ebd7f.dir/src.cxx.o
/usr/bin/c++     -fno-rtti -Wall -Wextra -Wno-unused-parameter -DHAS__fno_exceptions   -fno-exceptions -o CMakeFiles/cmTC_ebd7f.dir/src.cxx.o -c /home/phli/klee/build/CMakeFiles/CMakeTmp/src.cxx
Linking CXX executable cmTC_ebd7f
/usr/bin/cmake -E cmake_link_script CMakeFiles/cmTC_ebd7f.dir/link.txt --verbose=1
/usr/bin/c++   -fno-rtti -Wall -Wextra -Wno-unused-parameter -DHAS__fno_exceptions    CMakeFiles/cmTC_ebd7f.dir/src.cxx.o  -o cmTC_ebd7f -rdynamic 
make[1]: Leaving directory '/home/phli/klee/build/CMakeFiles/CMakeTmp'

Source file was:
int main() { return 0; }
Determining if the include file gperftools/malloc_extension.h exists passed with the following output:
Change Dir: /home/phli/klee/build/CMakeFiles/CMakeTmp

Run Build Command:"/usr/bin/make" "cmTC_76f0e/fast"
/usr/bin/make -f CMakeFiles/cmTC_76f0e.dir/build.make CMakeFiles/cmTC_76f0e.dir/build
make[1]: Entering directory '/home/phli/klee/build/CMakeFiles/CMakeTmp'
Building CXX object CMakeFiles/cmTC_76f0e.dir/CheckIncludeFile.cxx.o
/usr/bin/c++     -fno-rtti -Wall -Wextra -Wno-unused-parameter    -o CMakeFiles/cmTC_76f0e.dir/CheckIncludeFile.cxx.o -c /home/phli/klee/build/CMakeFiles/CMakeTmp/CheckIncludeFile.cxx
Linking CXX executable cmTC_76f0e
/usr/bin/cmake -E cmake_link_script CMakeFiles/cmTC_76f0e.dir/link.txt --verbose=1
/usr/bin/c++   -fno-rtti -Wall -Wextra -Wno-unused-parameter     CMakeFiles/cmTC_76f0e.dir/CheckIncludeFile.cxx.o  -o cmTC_76f0e -rdynamic 
make[1]: Leaving directory '/home/phli/klee/build/CMakeFiles/CMakeTmp'


Performing C++ SOURCE FILE Test HAS__fno_builtin_malloc succeeded with the following output:
Change Dir: /home/phli/klee/build/CMakeFiles/CMakeTmp

Run Build Command:"/usr/bin/make" "cmTC_b4b71/fast"
/usr/bin/make -f CMakeFiles/cmTC_b4b71.dir/build.make CMakeFiles/cmTC_b4b71.dir/build
make[1]: Entering directory '/home/phli/klee/build/CMakeFiles/CMakeTmp'
Building CXX object CMakeFiles/cmTC_b4b71.dir/src.cxx.o
/usr/bin/c++     -fno-rtti -Wall -Wextra -Wno-unused-parameter -DHAS__fno_builtin_malloc   -fno-builtin-malloc -o CMakeFiles/cmTC_b4b71.dir/src.cxx.o -c /home/phli/klee/build/CMakeFiles/CMakeTmp/src.cxx
Linking CXX executable cmTC_b4b71
/usr/bin/cmake -E cmake_link_script CMakeFiles/cmTC_b4b71.dir/link.txt --verbose=1
/usr/bin/c++   -fno-rtti -Wall -Wextra -Wno-unused-parameter -DHAS__fno_builtin_malloc    CMakeFiles/cmTC_b4b71.dir/src.cxx.o  -o cmTC_b4b71 -rdynamic 
make[1]: Leaving directory '/home/phli/klee/build/CMakeFiles/CMakeTmp'

Source file was:
int main() { return 0; }
Performing C++ SOURCE FILE Test HAS__fno_builtin_calloc succeeded with the following output:
Change Dir: /home/phli/klee/build/CMakeFiles/CMakeTmp

Run Build Command:"/usr/bin/make" "cmTC_04db7/fast"
/usr/bin/make -f CMakeFiles/cmTC_04db7.dir/build.make CMakeFiles/cmTC_04db7.dir/build
make[1]: Entering directory '/home/phli/klee/build/CMakeFiles/CMakeTmp'
Building CXX object CMakeFiles/cmTC_04db7.dir/src.cxx.o
/usr/bin/c++     -fno-rtti -Wall -Wextra -Wno-unused-parameter -DHAS__fno_builtin_calloc   -fno-builtin-calloc -o CMakeFiles/cmTC_04db7.dir/src.cxx.o -c /home/phli/klee/build/CMakeFiles/CMakeTmp/src.cxx
Linking CXX executable cmTC_04db7
/usr/bin/cmake -E cmake_link_script CMakeFiles/cmTC_04db7.dir/link.txt --verbose=1
/usr/bin/c++   -fno-rtti -Wall -Wextra -Wno-unused-parameter -DHAS__fno_builtin_calloc    CMakeFiles/cmTC_04db7.dir/src.cxx.o  -o cmTC_04db7 -rdynamic 
make[1]: Leaving directory '/home/phli/klee/build/CMakeFiles/CMakeTmp'

Source file was:
int main() { return 0; }
Performing C++ SOURCE FILE Test HAS__fno_builtin_realloc succeeded with the following output:
Change Dir: /home/phli/klee/build/CMakeFiles/CMakeTmp

Run Build Command:"/usr/bin/make" "cmTC_2d86f/fast"
/usr/bin/make -f CMakeFiles/cmTC_2d86f.dir/build.make CMakeFiles/cmTC_2d86f.dir/build
make[1]: Entering directory '/home/phli/klee/build/CMakeFiles/CMakeTmp'
Building CXX object CMakeFiles/cmTC_2d86f.dir/src.cxx.o
/usr/bin/c++     -fno-rtti -Wall -Wextra -Wno-unused-parameter -DHAS__fno_builtin_realloc   -fno-builtin-realloc -o CMakeFiles/cmTC_2d86f.dir/src.cxx.o -c /home/phli/klee/build/CMakeFiles/CMakeTmp/src.cxx
Linking CXX executable cmTC_2d86f
/usr/bin/cmake -E cmake_link_script CMakeFiles/cmTC_2d86f.dir/link.txt --verbose=1
/usr/bin/c++   -fno-rtti -Wall -Wextra -Wno-unused-parameter -DHAS__fno_builtin_realloc    CMakeFiles/cmTC_2d86f.dir/src.cxx.o  -o cmTC_2d86f -rdynamic 
make[1]: Leaving directory '/home/phli/klee/build/CMakeFiles/CMakeTmp'

Source file was:
int main() { return 0; }
Performing C++ SOURCE FILE Test HAS__fno_builtin_free succeeded with the following output:
Change Dir: /home/phli/klee/build/CMakeFiles/CMakeTmp

Run Build Command:"/usr/bin/make" "cmTC_cfea4/fast"
/usr/bin/make -f CMakeFiles/cmTC_cfea4.dir/build.make CMakeFiles/cmTC_cfea4.dir/build
make[1]: Entering directory '/home/phli/klee/build/CMakeFiles/CMakeTmp'
Building CXX object CMakeFiles/cmTC_cfea4.dir/src.cxx.o
/usr/bin/c++     -fno-rtti -Wall -Wextra -Wno-unused-parameter -DHAS__fno_builtin_free   -fno-builtin-free -o CMakeFiles/cmTC_cfea4.dir/src.cxx.o -c /home/phli/klee/build/CMakeFiles/CMakeTmp/src.cxx
Linking CXX executable cmTC_cfea4
/usr/bin/cmake -E cmake_link_script CMakeFiles/cmTC_cfea4.dir/link.txt --verbose=1
/usr/bin/c++   -fno-rtti -Wall -Wextra -Wno-unused-parameter -DHAS__fno_builtin_free    CMakeFiles/cmTC_cfea4.dir/src.cxx.o  -o cmTC_cfea4 -rdynamic 
make[1]: Leaving directory '/home/phli/klee/build/CMakeFiles/CMakeTmp'

Source file was:
int main() { return 0; }
Determining if the include file sys/capability.h exists passed with the following output:
Change Dir: /home/phli/klee/build/CMakeFiles/CMakeTmp

Run Build Command:"/usr/bin/make" "cmTC_6a880/fast"
/usr/bin/make -f CMakeFiles/cmTC_6a880.dir/build.make CMakeFiles/cmTC_6a880.dir/build
make[1]: Entering directory '/home/phli/klee/build/CMakeFiles/CMakeTmp'
Building C object CMakeFiles/cmTC_6a880.dir/CheckIncludeFile.c.o
/usr/bin/cc    -Wall -Wextra -Wno-unused-parameter    -o CMakeFiles/cmTC_6a880.dir/CheckIncludeFile.c.o   -c /home/phli/klee/build/CMakeFiles/CMakeTmp/CheckIncludeFile.c
Linking C executable cmTC_6a880
/usr/bin/cmake -E cmake_link_script CMakeFiles/cmTC_6a880.dir/link.txt --verbose=1
/usr/bin/cc   -Wall -Wextra -Wno-unused-parameter     CMakeFiles/cmTC_6a880.dir/CheckIncludeFile.c.o  -o cmTC_6a880 -rdynamic 
make[1]: Leaving directory '/home/phli/klee/build/CMakeFiles/CMakeTmp'


Determining if the include file pty.h exists passed with the following output:
Change Dir: /home/phli/klee/build/CMakeFiles/CMakeTmp

Run Build Command:"/usr/bin/make" "cmTC_5bfa0/fast"
/usr/bin/make -f CMakeFiles/cmTC_5bfa0.dir/build.make CMakeFiles/cmTC_5bfa0.dir/build
make[1]: Entering directory '/home/phli/klee/build/CMakeFiles/CMakeTmp'
Building C object CMakeFiles/cmTC_5bfa0.dir/CheckIncludeFile.c.o
/usr/bin/cc    -Wall -Wextra -Wno-unused-parameter    -o CMakeFiles/cmTC_5bfa0.dir/CheckIncludeFile.c.o   -c /home/phli/klee/build/CMakeFiles/CMakeTmp/CheckIncludeFile.c
Linking C executable cmTC_5bfa0
/usr/bin/cmake -E cmake_link_script CMakeFiles/cmTC_5bfa0.dir/link.txt --verbose=1
/usr/bin/cc   -Wall -Wextra -Wno-unused-parameter     CMakeFiles/cmTC_5bfa0.dir/CheckIncludeFile.c.o  -o cmTC_5bfa0 -rdynamic 
make[1]: Leaving directory '/home/phli/klee/build/CMakeFiles/CMakeTmp'


Determining if the function openpty exists in the util passed with the following output:
Change Dir: /home/phli/klee/build/CMakeFiles/CMakeTmp

Run Build Command:"/usr/bin/make" "cmTC_1499b/fast"
/usr/bin/make -f CMakeFiles/cmTC_1499b.dir/build.make CMakeFiles/cmTC_1499b.dir/build
make[1]: Entering directory '/home/phli/klee/build/CMakeFiles/CMakeTmp'
Building C object CMakeFiles/cmTC_1499b.dir/CheckFunctionExists.c.o
/usr/bin/cc    -Wall -Wextra -Wno-unused-parameter -DCHECK_FUNCTION_EXISTS=openpty   -o CMakeFiles/cmTC_1499b.dir/CheckFunctionExists.c.o   -c /usr/share/cmake-3.7/Modules/CheckFunctionExists.c
Linking C executable cmTC_1499b
/usr/bin/cmake -E cmake_link_script CMakeFiles/cmTC_1499b.dir/link.txt --verbose=1
/usr/bin/cc   -Wall -Wextra -Wno-unused-parameter -DCHECK_FUNCTION_EXISTS=openpty    CMakeFiles/cmTC_1499b.dir/CheckFunctionExists.c.o  -o cmTC_1499b -rdynamic -lutil 
make[1]: Leaving directory '/home/phli/klee/build/CMakeFiles/CMakeTmp'


Determining if the __ctype_b_loc exist passed with the following output:
Change Dir: /home/phli/klee/build/CMakeFiles/CMakeTmp

Run Build Command:"/usr/bin/make" "cmTC_569f7/fast"
/usr/bin/make -f CMakeFiles/cmTC_569f7.dir/build.make CMakeFiles/cmTC_569f7.dir/build
make[1]: Entering directory '/home/phli/klee/build/CMakeFiles/CMakeTmp'
Building CXX object CMakeFiles/cmTC_569f7.dir/CheckSymbolExists.cxx.o
/usr/bin/c++     -fno-rtti -Wall -Wextra -Wno-unused-parameter    -o CMakeFiles/cmTC_569f7.dir/CheckSymbolExists.cxx.o -c /home/phli/klee/build/CMakeFiles/CMakeTmp/CheckSymbolExists.cxx
Linking CXX executable cmTC_569f7
/usr/bin/cmake -E cmake_link_script CMakeFiles/cmTC_569f7.dir/link.txt --verbose=1
/usr/bin/c++   -fno-rtti -Wall -Wextra -Wno-unused-parameter     CMakeFiles/cmTC_569f7.dir/CheckSymbolExists.cxx.o  -o cmTC_569f7 -rdynamic 
make[1]: Leaving directory '/home/phli/klee/build/CMakeFiles/CMakeTmp'

File /home/phli/klee/build/CMakeFiles/CMakeTmp/CheckSymbolExists.cxx:
/* */
#include <ctype.h>

int main(int argc, char** argv)
{
  (void)argv;
#ifndef __ctype_b_loc
  return ((int*)(&__ctype_b_loc))[argc];
#else
  (void)argc;
  return 0;
#endif
}

Determining if the mallinfo exist passed with the following output:
Change Dir: /home/phli/klee/build/CMakeFiles/CMakeTmp

Run Build Command:"/usr/bin/make" "cmTC_d20ca/fast"
/usr/bin/make -f CMakeFiles/cmTC_d20ca.dir/build.make CMakeFiles/cmTC_d20ca.dir/build
make[1]: Entering directory '/home/phli/klee/build/CMakeFiles/CMakeTmp'
Building CXX object CMakeFiles/cmTC_d20ca.dir/CheckSymbolExists.cxx.o
/usr/bin/c++     -fno-rtti -Wall -Wextra -Wno-unused-parameter    -o CMakeFiles/cmTC_d20ca.dir/CheckSymbolExists.cxx.o -c /home/phli/klee/build/CMakeFiles/CMakeTmp/CheckSymbolExists.cxx
Linking CXX executable cmTC_d20ca
/usr/bin/cmake -E cmake_link_script CMakeFiles/cmTC_d20ca.dir/link.txt --verbose=1
/usr/bin/c++   -fno-rtti -Wall -Wextra -Wno-unused-parameter     CMakeFiles/cmTC_d20ca.dir/CheckSymbolExists.cxx.o  -o cmTC_d20ca -rdynamic 
make[1]: Leaving directory '/home/phli/klee/build/CMakeFiles/CMakeTmp'

File /home/phli/klee/build/CMakeFiles/CMakeTmp/CheckSymbolExists.cxx:
/* */
#include <malloc.h>

int main(int argc, char** argv)
{
  (void)argv;
#ifndef mallinfo
  return ((int*)(&mallinfo))[argc];
#else
  (void)argc;
  return 0;
#endif
}

Determining if the include file sys/statfs.h exists passed with the following output:
Change Dir: /home/phli/klee/build/CMakeFiles/CMakeTmp

Run Build Command:"/usr/bin/make" "cmTC_1be91/fast"
/usr/bin/make -f CMakeFiles/cmTC_1be91.dir/build.make CMakeFiles/cmTC_1be91.dir/build
make[1]: Entering directory '/home/phli/klee/build/CMakeFiles/CMakeTmp'
Building C object CMakeFiles/cmTC_1be91.dir/CheckIncludeFile.c.o
/usr/bin/cc    -Wall -Wextra -Wno-unused-parameter    -o CMakeFiles/cmTC_1be91.dir/CheckIncludeFile.c.o   -c /home/phli/klee/build/CMakeFiles/CMakeTmp/CheckIncludeFile.c
Linking C executable cmTC_1be91
/usr/bin/cmake -E cmake_link_script CMakeFiles/cmTC_1be91.dir/link.txt --verbose=1
/usr/bin/cc   -Wall -Wextra -Wno-unused-parameter     CMakeFiles/cmTC_1be91.dir/CheckIncludeFile.c.o  -o cmTC_1be91 -rdynamic 
make[1]: Leaving directory '/home/phli/klee/build/CMakeFiles/CMakeTmp'


Determining if the include file pthread.h exists passed with the following output:
Change Dir: /home/phli/klee/build/CMakeFiles/CMakeTmp

Run Build Command:"/usr/bin/make" "cmTC_a031a/fast"
/usr/bin/make -f CMakeFiles/cmTC_a031a.dir/build.make CMakeFiles/cmTC_a031a.dir/build
make[1]: Entering directory '/home/phli/klee/build/CMakeFiles/CMakeTmp'
Building C object CMakeFiles/cmTC_a031a.dir/CheckIncludeFile.c.o
/usr/bin/cc    -Wall -Wextra -Wno-unused-parameter    -o CMakeFiles/cmTC_a031a.dir/CheckIncludeFile.c.o   -c /home/phli/klee/build/CMakeFiles/CMakeTmp/CheckIncludeFile.c
Linking C executable cmTC_a031a
/usr/bin/cmake -E cmake_link_script CMakeFiles/cmTC_a031a.dir/link.txt --verbose=1
/usr/bin/cc   -Wall -Wextra -Wno-unused-parameter     CMakeFiles/cmTC_a031a.dir/CheckIncludeFile.c.o  -o cmTC_a031a -rdynamic 
make[1]: Leaving directory '/home/phli/klee/build/CMakeFiles/CMakeTmp'


Determining if the function pthread_create exists in the pthread passed with the following output:
Change Dir: /home/phli/klee/build/CMakeFiles/CMakeTmp

Run Build Command:"/usr/bin/make" "cmTC_9da12/fast"
/usr/bin/make -f CMakeFiles/cmTC_9da12.dir/build.make CMakeFiles/cmTC_9da12.dir/build
make[1]: Entering directory '/home/phli/klee/build/CMakeFiles/CMakeTmp'
Building C object CMakeFiles/cmTC_9da12.dir/CheckFunctionExists.c.o
/usr/bin/cc    -Wall -Wextra -Wno-unused-parameter -DCHECK_FUNCTION_EXISTS=pthread_create   -o CMakeFiles/cmTC_9da12.dir/CheckFunctionExists.c.o   -c /usr/share/cmake-3.7/Modules/CheckFunctionExists.c
Linking C executable cmTC_9da12
/usr/bin/cmake -E cmake_link_script CMakeFiles/cmTC_9da12.dir/link.txt --verbose=1
/usr/bin/cc   -Wall -Wextra -Wno-unused-parameter -DCHECK_FUNCTION_EXISTS=pthread_create    CMakeFiles/cmTC_9da12.dir/CheckFunctionExists.c.o  -o cmTC_9da12 -rdynamic -lpthread 
make[1]: Leaving directory '/home/phli/klee/build/CMakeFiles/CMakeTmp'


Performing C++ SOURCE FILE Test HAS__fno_rtti succeeded with the following output:
Change Dir: /home/phli/klee/build/CMakeFiles/CMakeTmp

Run Build Command:"/usr/bin/make" "cmTC_d9807/fast"
/usr/bin/make -f CMakeFiles/cmTC_d9807.dir/build.make CMakeFiles/cmTC_d9807.dir/build
make[1]: Entering directory '/home/phli/klee/build/CMakeFiles/CMakeTmp'
Building CXX object CMakeFiles/cmTC_d9807.dir/src.cxx.o
/usr/bin/c++     -fno-rtti -Wall -Wextra -Wno-unused-parameter -DHAS__fno_rtti   -fno-rtti -o CMakeFiles/cmTC_d9807.dir/src.cxx.o -c /home/phli/klee/build/CMakeFiles/CMakeTmp/src.cxx
Linking CXX executable cmTC_d9807
/usr/bin/cmake -E cmake_link_script CMakeFiles/cmTC_d9807.dir/link.txt --verbose=1
/usr/bin/c++   -fno-rtti -Wall -Wextra -Wno-unused-parameter -DHAS__fno_rtti    CMakeFiles/cmTC_d9807.dir/src.cxx.o  -o cmTC_d9807 -rdynamic 
make[1]: Leaving directory '/home/phli/klee/build/CMakeFiles/CMakeTmp'

Source file was:
int main() { return 0; }
